<?xml version="1.0" encoding="UTF-8"?>
<testng-results ignored="0" total="1" passed="1" failed="0" skipped="0">
  <reporter-output>
  </reporter-output>
  <suite started-at="2024-10-29T16:14:54 IST" name="Default suite" finished-at="2024-10-29T16:15:06 IST" duration-ms="11503">
    <groups>
    </groups>
    <test started-at="2024-10-29T16:14:54 IST" name="Default test" finished-at="2024-10-29T16:15:06 IST" duration-ms="11503">
      <class name="com.test.ECommercesite">
        <test-method is-config="true" signature="setup()[pri:0, instance:com.test.ECommercesite@6340e5f0]" started-at="2024-10-29T16:14:54 IST" name="setup" finished-at="2024-10-29T16:15:02 IST" duration-ms="7546" status="PASS">
          <reporter-output>
          </reporter-output>
        </test-method> <!-- setup -->
        <test-method signature="checkoutFlowTest()[pri:0, instance:com.test.ECommercesite@6340e5f0]" started-at="2024-10-29T16:15:02 IST" name="checkoutFlowTest" finished-at="2024-10-29T16:15:05 IST" duration-ms="3089" status="PASS">
          <reporter-output>
          </reporter-output>
        </test-method> <!-- checkoutFlowTest -->
        <test-method is-config="true" signature="tearDown()[pri:0, instance:com.test.ECommercesite@6340e5f0]" started-at="2024-10-29T16:15:05 IST" name="tearDown" finished-at="2024-10-29T16:15:06 IST" duration-ms="818" status="PASS">
          <reporter-output>
          </reporter-output>
        </test-method> <!-- tearDown -->
      </class> <!-- com.test.ECommercesite -->
    </test> <!-- Default test -->
  </suite> <!-- Default suite -->
</testng-results>
